<?xml version="1.0" encoding="UTF-8"?>
<!-- Generated by org.testng.reporters.JUnitReportReporter -->
<testsuite hostname="zhaowei-pc" name="example.t1.TestCase" tests="6" failures="0" timestamp="11 Jan 2017 14:28:39 GMT" time="2.352" errors="0">
  <testcase name="testNormal" time="0.176" classname="example.t1.TestCase"/>
  <testcase name="normal" time="0.249" classname="example.t1.TestCase"/>
  <testcase name="normal" time="0.449" classname="example.t1.TestCase"/>
  <testcase name="normal" time="0.184" classname="example.t1.TestCase"/>
  <testcase name="normal" time="0.993" classname="example.t1.TestCase"/>
  <testcase name="normal" time="0.301" classname="example.t1.TestCase"/>
</testsuite> <!-- example.t1.TestCase -->
